[debug] [2025-07-17T17:26:54.691Z] ----------------------------------------------------------------------
[debug] [2025-07-17T17:26:54.698Z] Command:       /usr/local/bin/node /Users/my_mac/.npm-global/bin/firebase init
[debug] [2025-07-17T17:26:54.698Z] CLI Version:   14.11.0
[debug] [2025-07-17T17:26:54.698Z] Platform:      darwin
[debug] [2025-07-17T17:26:54.698Z] Node Version:  v22.16.0
[debug] [2025-07-17T17:26:54.699Z] Time:          Thu Jul 17 2025 22:56:54 GMT+0530 (India Standard Time)
[debug] [2025-07-17T17:26:54.699Z] ----------------------------------------------------------------------
[debug] 
[debug] [2025-07-17T17:26:54.703Z] > command requires scopes: ["email","openid","https://www.googleapis.com/auth/cloudplatformprojects.readonly","https://www.googleapis.com/auth/firebase","https://www.googleapis.com/auth/cloud-platform"]
[debug] [2025-07-17T17:26:54.703Z] > authorizing via signed-in user (aryapkar@gmail.com)
[info] 
     ######## #### ########  ######## ########     ###     ######  ########
     ##        ##  ##     ## ##       ##     ##  ##   ##  ##       ##
     ######    ##  ########  ######   ########  #########  ######  ######
     ##        ##  ##    ##  ##       ##     ## ##     ##       ## ##
     ##       #### ##     ## ######## ########  ##     ##  ######  ########

You're about to initialize a Firebase project in this directory:

  /Users/my_mac/medical-assistant-bot

[debug] [2025-07-18T01:24:09.639Z] ExitPromptError: User force closed the prompt with SIGINT
    at Interface.sigint (/Users/my_mac/.npm-global/lib/node_modules/firebase-tools/node_modules/@inquirer/core/dist/commonjs/lib/create-prompt.js:101:37)
    at Interface.emit (node:events:518:28)
    at Interface.emit (node:domain:489:12)
    at [_ttyWrite] [as _ttyWrite] (node:internal/readline/interface:1128:18)
    at ReadStream.onkeypress (node:internal/readline/interface:267:20)
    at ReadStream.emit (node:events:530:35)
    at ReadStream.emit (node:domain:489:12)
    at emitKeys (node:internal/readline/utils:370:14)
    at emitKeys.next (<anonymous>)
    at ReadStream.onData (node:internal/readline/emitKeypressEvents:64:36)
[error] 
[error] Error: An unexpected error has occurred.
